/home/anna/AMDSEV/ovmf/Build/OvmfX64/DEBUG_GCC5/X64/OvmfPkg/PciHotPlugInitDxe/PciHotPlugInit/OUTPUT/PciHotPlugInitDxe.lib
/home/anna/AMDSEV/ovmf/Build/OvmfX64/DEBUG_GCC5/X64/MdePkg/Library/RegisterFilterLibNull/RegisterFilterLibNull/OUTPUT/FilterLibNull.lib
/home/anna/AMDSEV/ovmf/Build/OvmfX64/DEBUG_GCC5/X64/MdePkg/Library/DxePcdLib/DxePcdLib/OUTPUT/DxePcdLib.lib
/home/anna/AMDSEV/ovmf/Build/OvmfX64/DEBUG_GCC5/X64/MdePkg/Library/BaseMemoryLibRepStr/BaseMemoryLibRepStr/OUTPUT/BaseMemoryLibRepStr.lib
/home/anna/AMDSEV/ovmf/Build/OvmfX64/DEBUG_GCC5/X64/MdePkg/Library/BaseLib/BaseLib/OUTPUT/BaseLib.lib
/home/anna/AMDSEV/ovmf/Build/OvmfX64/DEBUG_GCC5/X64/MdePkg/Library/TdxLib/TdxLib/OUTPUT/TdxLib.lib
/home/anna/AMDSEV/ovmf/Build/OvmfX64/DEBUG_GCC5/X64/OvmfPkg/Library/CcProbeLib/CcProbeLib/OUTPUT/CcProbeLib.lib
/home/anna/AMDSEV/ovmf/Build/OvmfX64/DEBUG_GCC5/X64/MdePkg/Library/BaseIoLibIntrinsic/BaseIoLibIntrinsicSev/OUTPUT/BaseIoLibIntrinsicSev.lib
/home/anna/AMDSEV/ovmf/Build/OvmfX64/DEBUG_GCC5/X64/MdePkg/Library/BaseDebugPrintErrorLevelLib/BaseDebugPrintErrorLevelLib/OUTPUT/BaseDebugPrintErrorLevelLib.lib
/home/anna/AMDSEV/ovmf/Build/OvmfX64/DEBUG_GCC5/X64/MdePkg/Library/BasePrintLib/BasePrintLib/OUTPUT/BasePrintLib.lib
/home/anna/AMDSEV/ovmf/Build/OvmfX64/DEBUG_GCC5/X64/PcAtChipsetPkg/Library/SerialIoLib/SerialIoLib/OUTPUT/PcAtSerialPortLib.lib
/home/anna/AMDSEV/ovmf/Build/OvmfX64/DEBUG_GCC5/X64/MdePkg/Library/BaseDebugLibSerialPort/BaseDebugLibSerialPort/OUTPUT/BaseDebugLibSerialPort.lib
/home/anna/AMDSEV/ovmf/Build/OvmfX64/DEBUG_GCC5/X64/MdePkg/Library/UefiBootServicesTableLib/UefiBootServicesTableLib/OUTPUT/UefiBootServicesTableLib.lib
/home/anna/AMDSEV/ovmf/Build/OvmfX64/DEBUG_GCC5/X64/MdePkg/Library/BasePciExpressLib/BasePciExpressLib/OUTPUT/BasePciExpressLib.lib
/home/anna/AMDSEV/ovmf/Build/OvmfX64/DEBUG_GCC5/X64/MdePkg/Library/BasePciCf8Lib/BasePciCf8Lib/OUTPUT/BasePciCf8Lib.lib
/home/anna/AMDSEV/ovmf/Build/OvmfX64/DEBUG_GCC5/X64/MdePkg/Library/UefiMemoryAllocationLib/UefiMemoryAllocationLib/OUTPUT/UefiMemoryAllocationLib.lib
/home/anna/AMDSEV/ovmf/Build/OvmfX64/DEBUG_GCC5/X64/OvmfPkg/Library/DxePciLibI440FxQ35/DxePciLibI440FxQ35/OUTPUT/DxePciLibI440FxQ35.lib
/home/anna/AMDSEV/ovmf/Build/OvmfX64/DEBUG_GCC5/X64/MdePkg/Library/BaseOrderedCollectionRedBlackTreeLib/BaseOrderedCollectionRedBlackTreeLib/OUTPUT/BaseOrderedCollectionRedBlackTreeLib.lib
/home/anna/AMDSEV/ovmf/Build/OvmfX64/DEBUG_GCC5/X64/MdePkg/Library/BasePciSegmentLibPci/BasePciSegmentLibPci/OUTPUT/BasePciSegmentLibPci.lib
/home/anna/AMDSEV/ovmf/Build/OvmfX64/DEBUG_GCC5/X64/MdePkg/Library/UefiDevicePathLibDevicePathProtocol/UefiDevicePathLibDevicePathProtocol/OUTPUT/UefiDevicePathLibDevicePathProtocol.lib
/home/anna/AMDSEV/ovmf/Build/OvmfX64/DEBUG_GCC5/X64/OvmfPkg/Library/BasePciCapLib/BasePciCapLib/OUTPUT/BasePciCapLib.lib
/home/anna/AMDSEV/ovmf/Build/OvmfX64/DEBUG_GCC5/X64/OvmfPkg/Library/BasePciCapPciSegmentLib/BasePciCapPciSegmentLib/OUTPUT/BasePciCapPciSegmentLib.lib
/home/anna/AMDSEV/ovmf/Build/OvmfX64/DEBUG_GCC5/X64/MdePkg/Library/UefiDriverEntryPoint/UefiDriverEntryPoint/OUTPUT/UefiDriverEntryPoint.lib