/home/anna/AMDSEV/ovmf/Build/OvmfX64/DEBUG_GCC5/X64/OvmfPkg/AcpiPlatformDxe/AcpiPlatformDxe/OUTPUT/QemuFwCfgAcpiPlatform.lib
/home/anna/AMDSEV/ovmf/Build/OvmfX64/DEBUG_GCC5/X64/OvmfPkg/Library/CcProbeLib/CcProbeLib/OUTPUT/CcProbeLib.lib
/home/anna/AMDSEV/ovmf/Build/OvmfX64/DEBUG_GCC5/X64/MdePkg/Library/RegisterFilterLibNull/RegisterFilterLibNull/OUTPUT/FilterLibNull.lib
/home/anna/AMDSEV/ovmf/Build/OvmfX64/DEBUG_GCC5/X64/UefiCpuPkg/Library/BaseUefiCpuLib/BaseUefiCpuLib/OUTPUT/BaseUefiCpuLib.lib
/home/anna/AMDSEV/ovmf/Build/OvmfX64/DEBUG_GCC5/X64/UefiCpuPkg/Library/BaseXApicX2ApicLib/BaseXApicX2ApicLib/OUTPUT/BaseXApicX2ApicLib.lib
/home/anna/AMDSEV/ovmf/Build/OvmfX64/DEBUG_GCC5/X64/OvmfPkg/Library/VmgExitLib/VmgExitLib/OUTPUT/VmgExitLib.lib
/home/anna/AMDSEV/ovmf/Build/OvmfX64/DEBUG_GCC5/X64/MdePkg/Library/TdxLib/TdxLib/OUTPUT/TdxLib.lib
/home/anna/AMDSEV/ovmf/Build/OvmfX64/DEBUG_GCC5/X64/MdePkg/Library/BaseCpuLib/BaseCpuLib/OUTPUT/BaseCpuLib.lib
/home/anna/AMDSEV/ovmf/Build/OvmfX64/DEBUG_GCC5/X64/MdePkg/Library/BaseCacheMaintenanceLib/BaseCacheMaintenanceLib/OUTPUT/BaseCacheMaintenanceLib.lib
/home/anna/AMDSEV/ovmf/Build/OvmfX64/DEBUG_GCC5/X64/OvmfPkg/Library/BaseMemEncryptSevLib/DxeMemEncryptSevLib/OUTPUT/DxeMemEncryptSevLib.lib
/home/anna/AMDSEV/ovmf/Build/OvmfX64/DEBUG_GCC5/X64/MdePkg/Library/BaseIoLibIntrinsic/BaseIoLibIntrinsicSev/OUTPUT/BaseIoLibIntrinsicSev.lib
/home/anna/AMDSEV/ovmf/Build/OvmfX64/DEBUG_GCC5/X64/MdePkg/Library/DxePcdLib/DxePcdLib/OUTPUT/DxePcdLib.lib
/home/anna/AMDSEV/ovmf/Build/OvmfX64/DEBUG_GCC5/X64/MdePkg/Library/UefiMemoryAllocationLib/UefiMemoryAllocationLib/OUTPUT/UefiMemoryAllocationLib.lib
/home/anna/AMDSEV/ovmf/Build/OvmfX64/DEBUG_GCC5/X64/MdePkg/Library/BaseMemoryLibRepStr/BaseMemoryLibRepStr/OUTPUT/BaseMemoryLibRepStr.lib
/home/anna/AMDSEV/ovmf/Build/OvmfX64/DEBUG_GCC5/X64/MdePkg/Library/BaseLib/BaseLib/OUTPUT/BaseLib.lib
/home/anna/AMDSEV/ovmf/Build/OvmfX64/DEBUG_GCC5/X64/MdePkg/Library/BaseDebugPrintErrorLevelLib/BaseDebugPrintErrorLevelLib/OUTPUT/BaseDebugPrintErrorLevelLib.lib
/home/anna/AMDSEV/ovmf/Build/OvmfX64/DEBUG_GCC5/X64/PcAtChipsetPkg/Library/SerialIoLib/SerialIoLib/OUTPUT/PcAtSerialPortLib.lib
/home/anna/AMDSEV/ovmf/Build/OvmfX64/DEBUG_GCC5/X64/MdePkg/Library/BasePrintLib/BasePrintLib/OUTPUT/BasePrintLib.lib
/home/anna/AMDSEV/ovmf/Build/OvmfX64/DEBUG_GCC5/X64/MdePkg/Library/BaseDebugLibSerialPort/BaseDebugLibSerialPort/OUTPUT/BaseDebugLibSerialPort.lib
/home/anna/AMDSEV/ovmf/Build/OvmfX64/DEBUG_GCC5/X64/MdePkg/Library/UefiBootServicesTableLib/UefiBootServicesTableLib/OUTPUT/UefiBootServicesTableLib.lib
/home/anna/AMDSEV/ovmf/Build/OvmfX64/DEBUG_GCC5/X64/MdePkg/Library/UefiRuntimeServicesTableLib/UefiRuntimeServicesTableLib/OUTPUT/UefiRuntimeServicesTableLib.lib
/home/anna/AMDSEV/ovmf/Build/OvmfX64/DEBUG_GCC5/X64/MdePkg/Library/UefiDevicePathLibDevicePathProtocol/UefiDevicePathLibDevicePathProtocol/OUTPUT/UefiDevicePathLibDevicePathProtocol.lib
/home/anna/AMDSEV/ovmf/Build/OvmfX64/DEBUG_GCC5/X64/MdePkg/Library/UefiLib/UefiLib/OUTPUT/UefiLib.lib
/home/anna/AMDSEV/ovmf/Build/OvmfX64/DEBUG_GCC5/X64/MdePkg/Library/BasePciExpressLib/BasePciExpressLib/OUTPUT/BasePciExpressLib.lib
/home/anna/AMDSEV/ovmf/Build/OvmfX64/DEBUG_GCC5/X64/MdePkg/Library/BasePciCf8Lib/BasePciCf8Lib/OUTPUT/BasePciCf8Lib.lib
/home/anna/AMDSEV/ovmf/Build/OvmfX64/DEBUG_GCC5/X64/MdePkg/Library/DxeHobLib/DxeHobLib/OUTPUT/DxeHobLib.lib
/home/anna/AMDSEV/ovmf/Build/OvmfX64/DEBUG_GCC5/X64/OvmfPkg/Library/DxePciLibI440FxQ35/DxePciLibI440FxQ35/OUTPUT/DxePciLibI440FxQ35.lib
/home/anna/AMDSEV/ovmf/Build/OvmfX64/DEBUG_GCC5/X64/OvmfPkg/Library/AcpiTimerLib/DxeAcpiTimerLib/OUTPUT/DxeAcpiTimerLib.lib
/home/anna/AMDSEV/ovmf/Build/OvmfX64/DEBUG_GCC5/X64/OvmfPkg/Library/BaseMemEncryptTdxLib/BaseMemEncryptTdxLib/OUTPUT/MemEncryptTdxLib.lib
/home/anna/AMDSEV/ovmf/Build/OvmfX64/DEBUG_GCC5/X64/OvmfPkg/Library/QemuFwCfgLib/QemuFwCfgDxeLib/OUTPUT/QemuFwCfgDxeLib.lib
/home/anna/AMDSEV/ovmf/Build/OvmfX64/DEBUG_GCC5/X64/MdePkg/Library/BaseOrderedCollectionRedBlackTreeLib/BaseOrderedCollectionRedBlackTreeLib/OUTPUT/BaseOrderedCollectionRedBlackTreeLib.lib
/home/anna/AMDSEV/ovmf/Build/OvmfX64/DEBUG_GCC5/X64/OvmfPkg/Library/QemuFwCfgS3Lib/DxeQemuFwCfgS3LibFwCfg/OUTPUT/DxeQemuFwCfgS3LibFwCfg.lib
/home/anna/AMDSEV/ovmf/Build/OvmfX64/DEBUG_GCC5/X64/MdePkg/Library/UefiDriverEntryPoint/UefiDriverEntryPoint/OUTPUT/UefiDriverEntryPoint.lib