/home/anna/AMDSEV/ovmf/Build/OvmfX64/DEBUG_GCC5/X64/MdeModulePkg/Universal/Variable/RuntimeDxe/VariableRuntimeDxe/OUTPUT/VariableRuntimeDxe.lib
/home/anna/AMDSEV/ovmf/Build/OvmfX64/DEBUG_GCC5/X64/MdePkg/Library/RegisterFilterLibNull/RegisterFilterLibNull/OUTPUT/FilterLibNull.lib
/home/anna/AMDSEV/ovmf/Build/OvmfX64/DEBUG_GCC5/X64/MdePkg/Library/DxePcdLib/DxePcdLib/OUTPUT/DxePcdLib.lib
/home/anna/AMDSEV/ovmf/Build/OvmfX64/DEBUG_GCC5/X64/MdePkg/Library/BaseMemoryLibRepStr/BaseMemoryLibRepStr/OUTPUT/BaseMemoryLibRepStr.lib
/home/anna/AMDSEV/ovmf/Build/OvmfX64/DEBUG_GCC5/X64/MdePkg/Library/BaseLib/BaseLib/OUTPUT/BaseLib.lib
/home/anna/AMDSEV/ovmf/Build/OvmfX64/DEBUG_GCC5/X64/MdePkg/Library/TdxLib/TdxLib/OUTPUT/TdxLib.lib
/home/anna/AMDSEV/ovmf/Build/OvmfX64/DEBUG_GCC5/X64/OvmfPkg/Library/CcProbeLib/CcProbeLib/OUTPUT/CcProbeLib.lib
/home/anna/AMDSEV/ovmf/Build/OvmfX64/DEBUG_GCC5/X64/MdePkg/Library/BaseIoLibIntrinsic/BaseIoLibIntrinsicSev/OUTPUT/BaseIoLibIntrinsicSev.lib
/home/anna/AMDSEV/ovmf/Build/OvmfX64/DEBUG_GCC5/X64/MdePkg/Library/BaseDebugPrintErrorLevelLib/BaseDebugPrintErrorLevelLib/OUTPUT/BaseDebugPrintErrorLevelLib.lib
/home/anna/AMDSEV/ovmf/Build/OvmfX64/DEBUG_GCC5/X64/MdePkg/Library/BasePrintLib/BasePrintLib/OUTPUT/BasePrintLib.lib
/home/anna/AMDSEV/ovmf/Build/OvmfX64/DEBUG_GCC5/X64/PcAtChipsetPkg/Library/SerialIoLib/SerialIoLib/OUTPUT/PcAtSerialPortLib.lib
/home/anna/AMDSEV/ovmf/Build/OvmfX64/DEBUG_GCC5/X64/MdePkg/Library/BaseDebugLibSerialPort/BaseDebugLibSerialPort/OUTPUT/BaseDebugLibSerialPort.lib
/home/anna/AMDSEV/ovmf/Build/OvmfX64/DEBUG_GCC5/X64/MdePkg/Library/UefiBootServicesTableLib/UefiBootServicesTableLib/OUTPUT/UefiBootServicesTableLib.lib
/home/anna/AMDSEV/ovmf/Build/OvmfX64/DEBUG_GCC5/X64/MdePkg/Library/UefiMemoryAllocationLib/UefiMemoryAllocationLib/OUTPUT/UefiMemoryAllocationLib.lib
/home/anna/AMDSEV/ovmf/Build/OvmfX64/DEBUG_GCC5/X64/MdePkg/Library/UefiRuntimeServicesTableLib/UefiRuntimeServicesTableLib/OUTPUT/UefiRuntimeServicesTableLib.lib
/home/anna/AMDSEV/ovmf/Build/OvmfX64/DEBUG_GCC5/X64/MdePkg/Library/UefiDevicePathLibDevicePathProtocol/UefiDevicePathLibDevicePathProtocol/OUTPUT/UefiDevicePathLibDevicePathProtocol.lib
/home/anna/AMDSEV/ovmf/Build/OvmfX64/DEBUG_GCC5/X64/MdePkg/Library/BasePciExpressLib/BasePciExpressLib/OUTPUT/BasePciExpressLib.lib
/home/anna/AMDSEV/ovmf/Build/OvmfX64/DEBUG_GCC5/X64/MdePkg/Library/BasePciCf8Lib/BasePciCf8Lib/OUTPUT/BasePciCf8Lib.lib
/home/anna/AMDSEV/ovmf/Build/OvmfX64/DEBUG_GCC5/X64/MdePkg/Library/UefiLib/UefiLib/OUTPUT/UefiLib.lib
/home/anna/AMDSEV/ovmf/Build/OvmfX64/DEBUG_GCC5/X64/OvmfPkg/Library/DxePciLibI440FxQ35/DxePciLibI440FxQ35/OUTPUT/DxePciLibI440FxQ35.lib
/home/anna/AMDSEV/ovmf/Build/OvmfX64/DEBUG_GCC5/X64/MdePkg/Library/DxeHobLib/DxeHobLib/OUTPUT/DxeHobLib.lib
/home/anna/AMDSEV/ovmf/Build/OvmfX64/DEBUG_GCC5/X64/OvmfPkg/Library/AcpiTimerLib/DxeAcpiTimerLib/OUTPUT/DxeAcpiTimerLib.lib
/home/anna/AMDSEV/ovmf/Build/OvmfX64/DEBUG_GCC5/X64/MdePkg/Library/BaseSafeIntLib/BaseSafeIntLib/OUTPUT/BaseSafeIntLib.lib
/home/anna/AMDSEV/ovmf/Build/OvmfX64/DEBUG_GCC5/X64/MdeModulePkg/Library/VarCheckLib/VarCheckLib/OUTPUT/VarCheckLib.lib
/home/anna/AMDSEV/ovmf/Build/OvmfX64/DEBUG_GCC5/X64/MdePkg/Library/BaseSynchronizationLib/BaseSynchronizationLib/OUTPUT/BaseSynchronizationLib.lib
/home/anna/AMDSEV/ovmf/Build/OvmfX64/DEBUG_GCC5/X64/MdePkg/Library/UefiRuntimeLib/UefiRuntimeLib/OUTPUT/UefiRuntimeLib.lib
/home/anna/AMDSEV/ovmf/Build/OvmfX64/DEBUG_GCC5/X64/MdePkg/Library/DxeServicesTableLib/DxeServicesTableLib/OUTPUT/DxeServicesTableLib.lib
/home/anna/AMDSEV/ovmf/Build/OvmfX64/DEBUG_GCC5/X64/MdePkg/Library/UefiDriverEntryPoint/UefiDriverEntryPoint/OUTPUT/UefiDriverEntryPoint.lib
/home/anna/AMDSEV/ovmf/Build/OvmfX64/DEBUG_GCC5/X64/MdeModulePkg/Library/TpmMeasurementLibNull/TpmMeasurementLibNull/OUTPUT/TpmMeasurementLibNull.lib
/home/anna/AMDSEV/ovmf/Build/OvmfX64/DEBUG_GCC5/X64/MdeModulePkg/Library/AuthVariableLibNull/AuthVariableLibNull/OUTPUT/AuthVariableLibNull.lib
/home/anna/AMDSEV/ovmf/Build/OvmfX64/DEBUG_GCC5/X64/MdeModulePkg/Library/VariablePolicyLib/VariablePolicyLibRuntimeDxe/OUTPUT/VariablePolicyLibRuntimeDxe.lib
/home/anna/AMDSEV/ovmf/Build/OvmfX64/DEBUG_GCC5/X64/MdeModulePkg/Library/VariablePolicyHelperLib/VariablePolicyHelperLib/OUTPUT/VariablePolicyHelperLib.lib
/home/anna/AMDSEV/ovmf/Build/OvmfX64/DEBUG_GCC5/X64/MdeModulePkg/Library/VarCheckUefiLib/VarCheckUefiLib/OUTPUT/VarCheckUefiLib.lib